<?xml version="1.0" encoding="UTF-8"?>
<testsuite xmlns:xsi="http://www.w3.org/2001/XMLSchema-instance" xsi:noNamespaceSchemaLocation="https://maven.apache.org/surefire/maven-surefire-plugin/xsd/surefire-test-report-3.0.xsd" version="3.0" name="edu.eci.arsw.blueprints.BlueprintsSmokeTest" time="3.028" tests="1" errors="0" skipped="0" failures="0">
  <properties>
[...]
</properties>
  <testcase name="contextLoads" classname="edu.eci.arsw.blueprints.BlueprintsSmokeTest" time="0.781">
    <system-out><![CDATA[07:47:51.680 [main] INFO org.springframework.test.context.support.AnnotationConfigContextLoaderUtils -- Could not detect default configuration classes for test class [edu.eci.arsw.blueprints.BlueprintsSmokeTest]: BlueprintsSmokeTest does not declare any static, non-private, non-final, nested classes annotated with @Configuration.
07:47:51.783 [main] INFO org.springframework.boot.test.context.SpringBootTestContextBootstrapper -- Found @SpringBootConfiguration edu.eci.arsw.blueprints.BlueprintsApplication for test class edu.eci.arsw.blueprints.BlueprintsSmokeTest

  .   ____          _            __ _ _
 /\\ / ___'_ __ _ _(_)_ __  __ _ \ \ \ \
( ( )\___ | '_ | '_| | '_ \/ _` | \ \ \ \
 \\/  ___)| |_)| | | | | || (_| |  ) ) ) )
  '  |____| .__|_| |_|_| |_\__, | / / / /
 =========|_|==============|___/=/_/_/_/

 :: Spring Boot ::                (v3.3.9)

2026-03-27T07:47:52.181-05:00  INFO 16364 --- [           main] e.e.arsw.blueprints.BlueprintsSmokeTest  : Starting BlueprintsSmokeTest using Java 17.0.10 with PID 16364 (started by samuel.albarracin-v in C:\Users\samuel.albarracin-v\Downloads\arswparcial2)
2026-03-27T07:47:52.181-05:00  INFO 16364 --- [           main] e.e.arsw.blueprints.BlueprintsSmokeTest  : No active profile set, falling back to 1 default profile: "default"
2026-03-27T07:47:53.786-05:00  INFO 16364 --- [           main] e.e.arsw.blueprints.BlueprintsSmokeTest  : Started BlueprintsSmokeTest in 1.857 seconds (process running for 2.656)
]]></system-out>
  </testcase>
</testsuite>